Using pre-set license
Built from '2020.3/release' branch; Version is '2020.3.12f1 (b3b2c6512326) revision 11776710'; Using compiler version '192528614'; Build Type 'Release'
OS: 'Windows 10 Pro; OS build 19043.1165; Version 2009; 64bit' Language: 'en' Physical Memory: 16179 MB
BatchMode: 1, IsHumanControllingUs: 0, StartBugReporterOnCrash: 0, Is64bit: 1, IsPro: 0

 COMMAND LINE ARGUMENTS:
C:\Program Files\Unity\Hub\Editor\2020.3.12f1\Editor\Unity.exe
-adb2
-batchMode
-noUpm
-name
AssetImportWorker0
-projectPath
C:/Users/Alen/Desktop/Repos/Platformer 2D
-logFile
Logs/AssetImportWorker0.log
-srvPort
53453
Successfully changed project path to: C:/Users/Alen/Desktop/Repos/Platformer 2D
C:/Users/Alen/Desktop/Repos/Platformer 2D
Using Asset Import Pipeline V2.
Refreshing native plugins compatible for Editor in 46.40 ms, found 2 plugins.
Preloading 0 native plugins for Editor in 0.00 ms.
Initialize engine version: 2020.3.12f1 (b3b2c6512326)
[Subsystems] Discovering subsystems at path C:/Program Files/Unity/Hub/Editor/2020.3.12f1/Editor/Data/Resources/UnitySubsystems
[Subsystems] Discovering subsystems at path C:/Users/Alen/Desktop/Repos/Platformer 2D/Assets
GfxDevice: creating device client; threaded=0
Direct3D:
    Version:  Direct3D 11.0 [level 11.1]
    Renderer: NVIDIA GeForce GTX 1650 (ID=0x1f9d)
    Vendor:   
    VRAM:     3962 MB
    Driver:   27.21.14.6179
Initialize mono
Mono path[0] = 'C:/Program Files/Unity/Hub/Editor/2020.3.12f1/Editor/Data/Managed'
Mono path[1] = 'C:/Program Files/Unity/Hub/Editor/2020.3.12f1/Editor/Data/MonoBleedingEdge/lib/mono/unityjit'
Mono config path = 'C:/Program Files/Unity/Hub/Editor/2020.3.12f1/Editor/Data/MonoBleedingEdge/etc'
Using monoOptions --debugger-agent=transport=dt_socket,embedding=1,server=y,suspend=n,address=127.0.0.1:56444
Begin MonoManager ReloadAssembly
Registering precompiled unity dll's ...
Register platform support module: C:/Program Files/Unity/Hub/Editor/2020.3.12f1/Editor/Data/PlaybackEngines/WindowsStandaloneSupport/UnityEditor.WindowsStandalone.Extensions.dll
Registered in 0.001149 seconds.
Native extension for WindowsStandalone target not found
Refreshing native plugins compatible for Editor in 40.26 ms, found 2 plugins.
Preloading 0 native plugins for Editor in 0.00 ms.
Mono: successfully reloaded assembly
- Completed reload, in  1.197 seconds
Platform modules already initialized, skipping
Registering precompiled user dll's ...
Registered in 0.002853 seconds.
Begin MonoManager ReloadAssembly
Native extension for WindowsStandalone target not found
Refreshing native plugins compatible for Editor in 38.52 ms, found 2 plugins.
Preloading 0 native plugins for Editor in 0.00 ms.
Mono: successfully reloaded assembly
- Completed reload, in  0.945 seconds
Platform modules already initialized, skipping
========================================================================
Worker process is ready to serve import requests
Shader 'Universal Render Pipeline/Particles/Lit': fallback shader 'Universal Render Pipeline/Particles/SimpleLit' not found
Shader 'Universal Render Pipeline/Particles/Lit': fallback shader 'Universal Render Pipeline/Particles/SimpleLit' not found
Launched and connected shader compiler UnityShaderCompiler.exe after 0.04 seconds
Refreshing native plugins compatible for Editor in 0.44 ms, found 2 plugins.
Preloading 0 native plugins for Editor in 0.00 ms.
Unloading 2883 Unused Serialized files (Serialized files now loaded: 0)
System memory in use before: 128.6 MB.
System memory in use after: 125.8 MB.

Unloading 53 unused Assets to reduce memory usage. Loaded Objects now: 3286.
Total: 3.095600 ms (FindLiveObjects: 0.198400 ms CreateObjectMapping: 0.072200 ms MarkObjects: 1.795100 ms  DeleteObjects: 1.028700 ms)

AssetImportParameters requested are different than current active one (requested -> active):
  custom:framework-win-MediaFoundation: 216162199b28c13a410421893ffa2e32 -> 
  custom:video-decoder-ogg-theora: a1e56fd34408186e4bbccfd4996cb3dc -> 
  custom:container-muxer-webm: aa71ff27fc2769a1b78a27578f13a17b -> 
  custom:container-demuxer-webm: 4f35f7cbe854078d1ac9338744f61a02 -> 
  custom:container-demuxer-ogg: 62fdf1f143b41e24485cea50d1cbac27 -> 
  custom:video-encoder-webm-vp8: eb34c28f22e8b96e1ab97ce403110664 -> 
  custom:video-decoder-webm-vp8: 9c59270c3fd7afecdb556c50c9e8de78 -> 
  custom:audio-decoder-ogg-vorbis: bf7c407c2cedff20999df2af8eb42d56 -> 
  custom:audio-encoder-webm-vorbis: bf7c407c2cedff20999df2af8eb42d56 -> 
========================================================================
Received Import Request.
  path: Assets/Sprites/Platforms&Collecteables/helicopter.png
  artifactKey: Guid(5941d06cb45c95246bb703db3189b86d) Importer(815301076,1909f56bfc062723c751e8b465ee728b)
Start importing Assets/Sprites/Platforms&Collecteables/helicopter.png using Guid(5941d06cb45c95246bb703db3189b86d) Importer(815301076,1909f56bfc062723c751e8b465ee728b)  -> (artifact id: 'd7203819598975e13d64f329af3fd412') in 0.054327 seconds 
  Import took 0.058698 seconds .

========================================================================
Received Import Request.
  Time since last request: 4.717639 seconds.
  path: Assets/Sprites/Platforms&Collecteables/helicopter.png
  artifactKey: Guid(5941d06cb45c95246bb703db3189b86d) Importer(815301076,1909f56bfc062723c751e8b465ee728b)
Start importing Assets/Sprites/Platforms&Collecteables/helicopter.png using Guid(5941d06cb45c95246bb703db3189b86d) Importer(815301076,1909f56bfc062723c751e8b465ee728b)  -> (artifact id: 'd7203819598975e13d64f329af3fd412') in 0.015374 seconds 
  Import took 0.022177 seconds .

========================================================================
Received Import Request.
  Time since last request: 1.314767 seconds.
  path: Assets/Sprites/Platforms&Collecteables/helicopter.png
  artifactKey: Guid(5941d06cb45c95246bb703db3189b86d) Importer(815301076,1909f56bfc062723c751e8b465ee728b)
Start importing Assets/Sprites/Platforms&Collecteables/helicopter.png using Guid(5941d06cb45c95246bb703db3189b86d) Importer(815301076,1909f56bfc062723c751e8b465ee728b)  -> (artifact id: 'd141ae33909535c348ba4ae21c7d174f') in 0.051218 seconds 
  Import took 0.056259 seconds .

========================================================================
Received Import Request.
  Time since last request: 46.057365 seconds.
  path: Assets/Materials/PixelationHelicopter.mat
  artifactKey: Guid(fbf5e64865d71584697fc30135e59a79) Importer(815301076,1909f56bfc062723c751e8b465ee728b)
Start importing Assets/Materials/PixelationHelicopter.mat using Guid(fbf5e64865d71584697fc30135e59a79) Importer(815301076,1909f56bfc062723c751e8b465ee728b)  -> (artifact id: 'dcc69a4974b5edf9f24293756bbda56e') in 0.124887 seconds 
  Import took 0.131262 seconds .

========================================================================
Received Import Request.
  Time since last request: 160.644623 seconds.
  path: Assets/helicopter2.png
  artifactKey: Guid(3e8bb1fbe80df1746bdac6937011e168) Importer(815301076,1909f56bfc062723c751e8b465ee728b)
Start importing Assets/helicopter2.png using Guid(3e8bb1fbe80df1746bdac6937011e168) Importer(815301076,1909f56bfc062723c751e8b465ee728b)  -> (artifact id: 'e371e2705f66884c7e93158e78522357') in 0.018824 seconds 
  Import took 0.023152 seconds .

========================================================================
Received Import Request.
  Time since last request: 6.658624 seconds.
  path: Assets/helicopter3 1.png
  artifactKey: Guid(e9e9db3e74115b6479a90cd459580242) Importer(815301076,1909f56bfc062723c751e8b465ee728b)
Start importing Assets/helicopter3 1.png using Guid(e9e9db3e74115b6479a90cd459580242) Importer(815301076,1909f56bfc062723c751e8b465ee728b)  -> (artifact id: '00f10dde3da15748ee53d06d734bc40f') in 0.039247 seconds 
  Import took 0.044806 seconds .

========================================================================
Received Import Request.
  Time since last request: 0.000263 seconds.
  path: Assets/helicopter3.png
  artifactKey: Guid(e91cc97ca0cc5e040836737ac72ae6d6) Importer(815301076,1909f56bfc062723c751e8b465ee728b)
Start importing Assets/helicopter3.png using Guid(e91cc97ca0cc5e040836737ac72ae6d6) Importer(815301076,1909f56bfc062723c751e8b465ee728b)  -> (artifact id: '5a671ffb5fba9657db9c6a5c220cd905') in 0.016804 seconds 
  Import took 0.021258 seconds .

========================================================================
Received Import Request.
  Time since last request: 13.800456 seconds.
  path: Assets/helicopter2.png
  artifactKey: Guid(3e8bb1fbe80df1746bdac6937011e168) Importer(815301076,1909f56bfc062723c751e8b465ee728b)
Start importing Assets/helicopter2.png using Guid(3e8bb1fbe80df1746bdac6937011e168) Importer(815301076,1909f56bfc062723c751e8b465ee728b)  -> (artifact id: 'f045ee5ec7798dfc5862e4f5d72c21d3') in 0.022972 seconds 
  Import took 0.028386 seconds .

========================================================================
Received Import Request.
  Time since last request: 0.000326 seconds.
  path: Assets/helicopter3.png
  artifactKey: Guid(e91cc97ca0cc5e040836737ac72ae6d6) Importer(815301076,1909f56bfc062723c751e8b465ee728b)
Start importing Assets/helicopter3.png using Guid(e91cc97ca0cc5e040836737ac72ae6d6) Importer(815301076,1909f56bfc062723c751e8b465ee728b)  -> (artifact id: 'd5b1c2074e8cac75eb96c23ef8fd1c3f') in 0.019396 seconds 
  Import took 0.025573 seconds .

========================================================================
Received Import Request.
  Time since last request: 0.000318 seconds.
  path: Assets/helicopter2.png
  artifactKey: Guid(3e8bb1fbe80df1746bdac6937011e168) Importer(815301076,1909f56bfc062723c751e8b465ee728b)
Start importing Assets/helicopter2.png using Guid(3e8bb1fbe80df1746bdac6937011e168) Importer(815301076,1909f56bfc062723c751e8b465ee728b)  -> (artifact id: 'f045ee5ec7798dfc5862e4f5d72c21d3') in 0.014795 seconds 
  Import took 0.019970 seconds .

========================================================================
Received Prepare
Registering precompiled user dll's ...
Registered in 0.002624 seconds.
Begin MonoManager ReloadAssembly
Native extension for WindowsStandalone target not found
Refreshing native plugins compatible for Editor in 0.49 ms, found 2 plugins.
Preloading 0 native plugins for Editor in 0.00 ms.
Mono: successfully reloaded assembly
- Completed reload, in  0.857 seconds
Platform modules already initialized, skipping
Shader 'Universal Render Pipeline/Particles/Lit': fallback shader 'Universal Render Pipeline/Particles/SimpleLit' not found
Shader 'Universal Render Pipeline/Particles/Lit': fallback shader 'Universal Render Pipeline/Particles/SimpleLit' not found
Refreshing native plugins compatible for Editor in 0.44 ms, found 2 plugins.
Preloading 0 native plugins for Editor in 0.00 ms.
Unloading 2803 Unused Serialized files (Serialized files now loaded: 0)
System memory in use before: 129.8 MB.
System memory in use after: 127.2 MB.

Unloading 48 unused Assets to reduce memory usage. Loaded Objects now: 3371.
Total: 3.143100 ms (FindLiveObjects: 0.192200 ms CreateObjectMapping: 0.070300 ms MarkObjects: 1.757000 ms  DeleteObjects: 1.122400 ms)

AssetImportParameters requested are different than current active one (requested -> active):
  custom:framework-win-MediaFoundation: 216162199b28c13a410421893ffa2e32 -> 
  custom:video-decoder-ogg-theora: a1e56fd34408186e4bbccfd4996cb3dc -> 
  custom:container-muxer-webm: aa71ff27fc2769a1b78a27578f13a17b -> 
  custom:container-demuxer-webm: 4f35f7cbe854078d1ac9338744f61a02 -> 
  custom:container-demuxer-ogg: 62fdf1f143b41e24485cea50d1cbac27 -> 
  custom:video-encoder-webm-vp8: eb34c28f22e8b96e1ab97ce403110664 -> 
  custom:video-decoder-webm-vp8: 9c59270c3fd7afecdb556c50c9e8de78 -> 
  custom:audio-decoder-ogg-vorbis: bf7c407c2cedff20999df2af8eb42d56 -> 
  custom:audio-encoder-webm-vorbis: bf7c407c2cedff20999df2af8eb42d56 -> 
========================================================================
Received Import Request.
  Time since last request: 327.541824 seconds.
  path: Assets/AudioClips/helicopter.mp3
  artifactKey: Guid(8a1ea5f11fc7b4a4e874f59ec2b6e8d3) Importer(815301076,1909f56bfc062723c751e8b465ee728b)
Start importing Assets/AudioClips/helicopter.mp3 using Guid(8a1ea5f11fc7b4a4e874f59ec2b6e8d3) Importer(815301076,1909f56bfc062723c751e8b465ee728b)  -> (artifact id: '7b649eb702e484d9f7ecaf283e8f8493') in 0.049132 seconds 
  Import took 0.053788 seconds .

========================================================================
Received Prepare
Registering precompiled user dll's ...
Registered in 0.002826 seconds.
Begin MonoManager ReloadAssembly
Native extension for WindowsStandalone target not found
Refreshing native plugins compatible for Editor in 0.44 ms, found 2 plugins.
Preloading 0 native plugins for Editor in 0.00 ms.
Mono: successfully reloaded assembly
- Completed reload, in  0.864 seconds
Platform modules already initialized, skipping
Shader 'Universal Render Pipeline/Particles/Lit': fallback shader 'Universal Render Pipeline/Particles/SimpleLit' not found
Shader 'Universal Render Pipeline/Particles/Lit': fallback shader 'Universal Render Pipeline/Particles/SimpleLit' not found
Refreshing native plugins compatible for Editor in 0.45 ms, found 2 plugins.
Preloading 0 native plugins for Editor in 0.00 ms.
Unloading 2803 Unused Serialized files (Serialized files now loaded: 0)
System memory in use before: 129.9 MB.
System memory in use after: 127.2 MB.

Unloading 48 unused Assets to reduce memory usage. Loaded Objects now: 3377.
Total: 3.305400 ms (FindLiveObjects: 0.192300 ms CreateObjectMapping: 0.066500 ms MarkObjects: 1.910100 ms  DeleteObjects: 1.135000 ms)

AssetImportParameters requested are different than current active one (requested -> active):
  custom:framework-win-MediaFoundation: 216162199b28c13a410421893ffa2e32 -> 
  custom:video-decoder-ogg-theora: a1e56fd34408186e4bbccfd4996cb3dc -> 
  custom:container-muxer-webm: aa71ff27fc2769a1b78a27578f13a17b -> 
  custom:container-demuxer-webm: 4f35f7cbe854078d1ac9338744f61a02 -> 
  custom:container-demuxer-ogg: 62fdf1f143b41e24485cea50d1cbac27 -> 
  custom:video-encoder-webm-vp8: eb34c28f22e8b96e1ab97ce403110664 -> 
  custom:video-decoder-webm-vp8: 9c59270c3fd7afecdb556c50c9e8de78 -> 
  custom:audio-decoder-ogg-vorbis: bf7c407c2cedff20999df2af8eb42d56 -> 
  custom:audio-encoder-webm-vorbis: bf7c407c2cedff20999df2af8eb42d56 -> 
========================================================================
Received Import Request.
  Time since last request: 54.924566 seconds.
  path: Assets/AudioClips/helicopter 1.mp3
  artifactKey: Guid(4f68e68e6163c93499a83640a60a3852) Importer(815301076,1909f56bfc062723c751e8b465ee728b)
Start importing Assets/AudioClips/helicopter 1.mp3 using Guid(4f68e68e6163c93499a83640a60a3852) Importer(815301076,1909f56bfc062723c751e8b465ee728b)  -> (artifact id: 'fa37d3c32edc09620f3290843490f98b') in 0.039651 seconds 
  Import took 0.045012 seconds .

========================================================================
Received Prepare
Registering precompiled user dll's ...
Registered in 0.002798 seconds.
Begin MonoManager ReloadAssembly
Native extension for WindowsStandalone target not found
Refreshing native plugins compatible for Editor in 0.48 ms, found 2 plugins.
Preloading 0 native plugins for Editor in 0.00 ms.
Mono: successfully reloaded assembly
- Completed reload, in  0.862 seconds
Platform modules already initialized, skipping
Shader 'Universal Render Pipeline/Particles/Lit': fallback shader 'Universal Render Pipeline/Particles/SimpleLit' not found
Shader 'Universal Render Pipeline/Particles/Lit': fallback shader 'Universal Render Pipeline/Particles/SimpleLit' not found
Refreshing native plugins compatible for Editor in 0.44 ms, found 2 plugins.
Preloading 0 native plugins for Editor in 0.00 ms.
Unloading 2803 Unused Serialized files (Serialized files now loaded: 0)
System memory in use before: 130.0 MB.
System memory in use after: 127.3 MB.

Unloading 48 unused Assets to reduce memory usage. Loaded Objects now: 3381.
Total: 3.319200 ms (FindLiveObjects: 0.180800 ms CreateObjectMapping: 0.063000 ms MarkObjects: 1.923500 ms  DeleteObjects: 1.150800 ms)

AssetImportParameters requested are different than current active one (requested -> active):
  custom:framework-win-MediaFoundation: 216162199b28c13a410421893ffa2e32 -> 
  custom:video-decoder-ogg-theora: a1e56fd34408186e4bbccfd4996cb3dc -> 
  custom:container-muxer-webm: aa71ff27fc2769a1b78a27578f13a17b -> 
  custom:container-demuxer-webm: 4f35f7cbe854078d1ac9338744f61a02 -> 
  custom:container-demuxer-ogg: 62fdf1f143b41e24485cea50d1cbac27 -> 
  custom:video-encoder-webm-vp8: eb34c28f22e8b96e1ab97ce403110664 -> 
  custom:video-decoder-webm-vp8: 9c59270c3fd7afecdb556c50c9e8de78 -> 
  custom:audio-decoder-ogg-vorbis: bf7c407c2cedff20999df2af8eb42d56 -> 
  custom:audio-encoder-webm-vorbis: bf7c407c2cedff20999df2af8eb42d56 -> 
========================================================================
Received Import Request.
  Time since last request: 57.769240 seconds.
  path: Assets/AudioClips/helicopter 2.mp3
  artifactKey: Guid(4d8692493bbf7c74eaf9ec34421667e2) Importer(815301076,1909f56bfc062723c751e8b465ee728b)
Start importing Assets/AudioClips/helicopter 2.mp3 using Guid(4d8692493bbf7c74eaf9ec34421667e2) Importer(815301076,1909f56bfc062723c751e8b465ee728b)  -> (artifact id: '0a100ff9941354fd15230d40f0503407') in 0.051108 seconds 
  Import took 0.056455 seconds .

========================================================================
Received Prepare
Registering precompiled user dll's ...
Registered in 0.002733 seconds.
Begin MonoManager ReloadAssembly
Native extension for WindowsStandalone target not found
Refreshing native plugins compatible for Editor in 0.41 ms, found 2 plugins.
Preloading 0 native plugins for Editor in 0.00 ms.
Mono: successfully reloaded assembly
- Completed reload, in  0.796 seconds
Platform modules already initialized, skipping
Shader 'Universal Render Pipeline/Particles/Lit': fallback shader 'Universal Render Pipeline/Particles/SimpleLit' not found
Shader 'Universal Render Pipeline/Particles/Lit': fallback shader 'Universal Render Pipeline/Particles/SimpleLit' not found
Refreshing native plugins compatible for Editor in 0.45 ms, found 2 plugins.
Preloading 0 native plugins for Editor in 0.00 ms.
Unloading 2803 Unused Serialized files (Serialized files now loaded: 0)
System memory in use before: 130.0 MB.
System memory in use after: 127.3 MB.

Unloading 48 unused Assets to reduce memory usage. Loaded Objects now: 3385.
Total: 3.298100 ms (FindLiveObjects: 0.195000 ms CreateObjectMapping: 0.067200 ms MarkObjects: 1.836200 ms  DeleteObjects: 1.198900 ms)

AssetImportParameters requested are different than current active one (requested -> active):
  custom:framework-win-MediaFoundation: 216162199b28c13a410421893ffa2e32 -> 
  custom:video-decoder-ogg-theora: a1e56fd34408186e4bbccfd4996cb3dc -> 
  custom:container-muxer-webm: aa71ff27fc2769a1b78a27578f13a17b -> 
  custom:container-demuxer-webm: 4f35f7cbe854078d1ac9338744f61a02 -> 
  custom:container-demuxer-ogg: 62fdf1f143b41e24485cea50d1cbac27 -> 
  custom:video-encoder-webm-vp8: eb34c28f22e8b96e1ab97ce403110664 -> 
  custom:video-decoder-webm-vp8: 9c59270c3fd7afecdb556c50c9e8de78 -> 
  custom:audio-decoder-ogg-vorbis: bf7c407c2cedff20999df2af8eb42d56 -> 
  custom:audio-encoder-webm-vorbis: bf7c407c2cedff20999df2af8eb42d56 -> 
========================================================================
Received Import Request.
  Time since last request: 37.369684 seconds.
  path: Assets/Prefabs/Helicopter.prefab
  artifactKey: Guid(6d49a303a613843409f3f7dc3be00340) Importer(815301076,1909f56bfc062723c751e8b465ee728b)
Start importing Assets/Prefabs/Helicopter.prefab using Guid(6d49a303a613843409f3f7dc3be00340) Importer(815301076,1909f56bfc062723c751e8b465ee728b) The Animator Controller (Helicopter) you have used is not valid. Animations will not play
UnityEngine.StackTraceUtility:ExtractStackTrace ()
UnityEditor.EditorUtility:Internal_InstantiateRemoveAllNonAnimationComponentsSingle (UnityEngine.Object,UnityEngine.Vector3,UnityEngine.Quaternion)
UnityEditor.EditorUtility:InstantiateRemoveAllNonAnimationComponents (UnityEngine.Object,UnityEngine.Vector3,UnityEngine.Quaternion)
UnityEditor.EditorUtility:InstantiateForAnimatorPreview (UnityEngine.Object)
UnityEditor.GameObjectInspector/PreviewData:UpdateGameObject (UnityEngine.Object)
UnityEditor.GameObjectInspector/PreviewData:.ctor (UnityEngine.Object)
UnityEditor.GameObjectInspector:GetPreviewData ()
UnityEditor.GameObjectInspector:RenderStaticPreview (string,UnityEngine.Object[],int,int)
UnityEditor.AssetPreviewUpdater:CreatePreviewForAsset (UnityEngine.Object,UnityEngine.Object[],string)

[C:\buildslave\unity\build\Modules/Animation/Director/AnimatorControllerPlayable.cpp line 333]

The Animator Controller (Helicopter) you have used is not valid. Animations will not play
UnityEngine.StackTraceUtility:ExtractStackTrace ()
UnityEditor.EditorUtility:InitInstantiatedPreviewRecursive (UnityEngine.GameObject)
UnityEditor.EditorUtility:InstantiateForAnimatorPreview (UnityEngine.Object)
UnityEditor.GameObjectInspector/PreviewData:UpdateGameObject (UnityEngine.Object)
UnityEditor.GameObjectInspector/PreviewData:.ctor (UnityEngine.Object)
UnityEditor.GameObjectInspector:GetPreviewData ()
UnityEditor.GameObjectInspector:RenderStaticPreview (string,UnityEngine.Object[],int,int)
UnityEditor.AssetPreviewUpdater:CreatePreviewForAsset (UnityEngine.Object,UnityEngine.Object[],string)

[C:\buildslave\unity\build\Modules/Animation/Director/AnimatorControllerPlayable.cpp line 333]

 -> (artifact id: 'e158f108d60b0bb6112f209376062696') in 0.168374 seconds 
  Import took 0.175036 seconds .

========================================================================
Received Import Request.
  Time since last request: 8.164501 seconds.
  path: Assets/Prefabs/Pistol.prefab
  artifactKey: Guid(29b95bbd51d5ea743b989c72d048f594) Importer(815301076,1909f56bfc062723c751e8b465ee728b)
Start importing Assets/Prefabs/Pistol.prefab using Guid(29b95bbd51d5ea743b989c72d048f594) Importer(815301076,1909f56bfc062723c751e8b465ee728b)  -> (artifact id: '139cfbf5920c02fab7143668f51c5bf1') in 0.011835 seconds 
  Import took 0.016491 seconds .

========================================================================
Received Import Request.
  Time since last request: 0.010471 seconds.
  path: Assets/Prefabs/Pistol.prefab
  artifactKey: Guid(29b95bbd51d5ea743b989c72d048f594) Importer(815301076,1909f56bfc062723c751e8b465ee728b)
Start importing Assets/Prefabs/Pistol.prefab using Guid(29b95bbd51d5ea743b989c72d048f594) Importer(815301076,1909f56bfc062723c751e8b465ee728b)  -> (artifact id: '139cfbf5920c02fab7143668f51c5bf1') in 0.007551 seconds 
  Import took 0.012517 seconds .

========================================================================
Received Prepare
Registering precompiled user dll's ...
Registered in 0.002970 seconds.
Begin MonoManager ReloadAssembly
Native extension for WindowsStandalone target not found
Refreshing native plugins compatible for Editor in 0.41 ms, found 2 plugins.
Preloading 0 native plugins for Editor in 0.00 ms.
Mono: successfully reloaded assembly
- Completed reload, in  0.812 seconds
Platform modules already initialized, skipping
Shader 'Universal Render Pipeline/Particles/Lit': fallback shader 'Universal Render Pipeline/Particles/SimpleLit' not found
Shader 'Universal Render Pipeline/Particles/Lit': fallback shader 'Universal Render Pipeline/Particles/SimpleLit' not found
Refreshing native plugins compatible for Editor in 0.45 ms, found 2 plugins.
Preloading 0 native plugins for Editor in 0.00 ms.
Unloading 2803 Unused Serialized files (Serialized files now loaded: 0)
System memory in use before: 130.3 MB.
System memory in use after: 127.6 MB.

Unloading 48 unused Assets to reduce memory usage. Loaded Objects now: 3424.
Total: 3.283900 ms (FindLiveObjects: 0.187900 ms CreateObjectMapping: 0.064300 ms MarkObjects: 1.861300 ms  DeleteObjects: 1.169400 ms)

AssetImportParameters requested are different than current active one (requested -> active):
  custom:framework-win-MediaFoundation: 216162199b28c13a410421893ffa2e32 -> 
  custom:video-decoder-ogg-theora: a1e56fd34408186e4bbccfd4996cb3dc -> 
  custom:container-muxer-webm: aa71ff27fc2769a1b78a27578f13a17b -> 
  custom:container-demuxer-webm: 4f35f7cbe854078d1ac9338744f61a02 -> 
  custom:container-demuxer-ogg: 62fdf1f143b41e24485cea50d1cbac27 -> 
  custom:video-encoder-webm-vp8: eb34c28f22e8b96e1ab97ce403110664 -> 
  custom:video-decoder-webm-vp8: 9c59270c3fd7afecdb556c50c9e8de78 -> 
  custom:audio-decoder-ogg-vorbis: bf7c407c2cedff20999df2af8eb42d56 -> 
  custom:audio-encoder-webm-vorbis: bf7c407c2cedff20999df2af8eb42d56 -> 
========================================================================
Received Prepare
Registering precompiled user dll's ...
Registered in 0.002904 seconds.
Begin MonoManager ReloadAssembly
Native extension for WindowsStandalone target not found
Refreshing native plugins compatible for Editor in 0.60 ms, found 2 plugins.
Preloading 0 native plugins for Editor in 0.00 ms.
Mono: successfully reloaded assembly
- Completed reload, in  1.077 seconds
Platform modules already initialized, skipping
Shader 'Universal Render Pipeline/Particles/Lit': fallback shader 'Universal Render Pipeline/Particles/SimpleLit' not found
Shader 'Universal Render Pipeline/Particles/Lit': fallback shader 'Universal Render Pipeline/Particles/SimpleLit' not found
Refreshing native plugins compatible for Editor in 0.52 ms, found 2 plugins.
Preloading 0 native plugins for Editor in 0.00 ms.
Unloading 2803 Unused Serialized files (Serialized files now loaded: 0)
System memory in use before: 130.3 MB.
System memory in use after: 127.6 MB.

Unloading 48 unused Assets to reduce memory usage. Loaded Objects now: 3427.
Total: 3.661800 ms (FindLiveObjects: 0.315800 ms CreateObjectMapping: 0.144400 ms MarkObjects: 1.769900 ms  DeleteObjects: 1.430000 ms)

AssetImportParameters requested are different than current active one (requested -> active):
  custom:framework-win-MediaFoundation: 216162199b28c13a410421893ffa2e32 -> 
  custom:video-decoder-ogg-theora: a1e56fd34408186e4bbccfd4996cb3dc -> 
  custom:container-muxer-webm: aa71ff27fc2769a1b78a27578f13a17b -> 
  custom:container-demuxer-webm: 4f35f7cbe854078d1ac9338744f61a02 -> 
  custom:container-demuxer-ogg: 62fdf1f143b41e24485cea50d1cbac27 -> 
  custom:video-encoder-webm-vp8: eb34c28f22e8b96e1ab97ce403110664 -> 
  custom:video-decoder-webm-vp8: 9c59270c3fd7afecdb556c50c9e8de78 -> 
  custom:audio-decoder-ogg-vorbis: bf7c407c2cedff20999df2af8eb42d56 -> 
  custom:audio-encoder-webm-vorbis: bf7c407c2cedff20999df2af8eb42d56 -> 
========================================================================
Received Import Request.
  Time since last request: 775.731937 seconds.
  path: Assets/Scenes/Main.unity
  artifactKey: Guid(de669e0bee8b98240994cca64d88fb61) Importer(815301076,1909f56bfc062723c751e8b465ee728b)
Start importing Assets/Scenes/Main.unity using Guid(de669e0bee8b98240994cca64d88fb61) Importer(815301076,1909f56bfc062723c751e8b465ee728b)  -> (artifact id: '31426c0f6ec8807782ba649359930b78') in 0.025237 seconds 
  Import took 0.030433 seconds .

========================================================================
Received Prepare
Registering precompiled user dll's ...
Registered in 0.003005 seconds.
Begin MonoManager ReloadAssembly
Native extension for WindowsStandalone target not found
Refreshing native plugins compatible for Editor in 0.43 ms, found 2 plugins.
Preloading 0 native plugins for Editor in 0.00 ms.
Mono: successfully reloaded assembly
- Completed reload, in  0.882 seconds
Platform modules already initialized, skipping
Shader 'Universal Render Pipeline/Particles/Lit': fallback shader 'Universal Render Pipeline/Particles/SimpleLit' not found
Shader 'Universal Render Pipeline/Particles/Lit': fallback shader 'Universal Render Pipeline/Particles/SimpleLit' not found
Refreshing native plugins compatible for Editor in 0.45 ms, found 2 plugins.
Preloading 0 native plugins for Editor in 0.00 ms.
Unloading 2803 Unused Serialized files (Serialized files now loaded: 0)
System memory in use before: 130.3 MB.
System memory in use after: 127.6 MB.

Unloading 48 unused Assets to reduce memory usage. Loaded Objects now: 3430.
Total: 3.584200 ms (FindLiveObjects: 0.287900 ms CreateObjectMapping: 0.078000 ms MarkObjects: 1.970800 ms  DeleteObjects: 1.246300 ms)

AssetImportParameters requested are different than current active one (requested -> active):
  custom:framework-win-MediaFoundation: 216162199b28c13a410421893ffa2e32 -> 
  custom:video-decoder-ogg-theora: a1e56fd34408186e4bbccfd4996cb3dc -> 
  custom:container-muxer-webm: aa71ff27fc2769a1b78a27578f13a17b -> 
  custom:container-demuxer-webm: 4f35f7cbe854078d1ac9338744f61a02 -> 
  custom:container-demuxer-ogg: 62fdf1f143b41e24485cea50d1cbac27 -> 
  custom:video-encoder-webm-vp8: eb34c28f22e8b96e1ab97ce403110664 -> 
  custom:video-decoder-webm-vp8: 9c59270c3fd7afecdb556c50c9e8de78 -> 
  custom:audio-decoder-ogg-vorbis: bf7c407c2cedff20999df2af8eb42d56 -> 
  custom:audio-encoder-webm-vorbis: bf7c407c2cedff20999df2af8eb42d56 -> 
========================================================================
Received Import Request.
  Time since last request: 600.758297 seconds.
  path: Assets/Scripts/ditirambe2.png
  artifactKey: Guid(9395e3364d76b1d4aa2b6dbb5412b75e) Importer(815301076,1909f56bfc062723c751e8b465ee728b)
Start importing Assets/Scripts/ditirambe2.png using Guid(9395e3364d76b1d4aa2b6dbb5412b75e) Importer(815301076,1909f56bfc062723c751e8b465ee728b)  -> (artifact id: '42f6d36270bba1d1da59266b64725e98') in 0.033619 seconds 
  Import took 0.038599 seconds .

========================================================================
Received Import Request.
  Time since last request: 10.342993 seconds.
  path: Assets/Scripts/splash.png
  artifactKey: Guid(9395e3364d76b1d4aa2b6dbb5412b75e) Importer(815301076,1909f56bfc062723c751e8b465ee728b)
Start importing Assets/Scripts/splash.png using Guid(9395e3364d76b1d4aa2b6dbb5412b75e) Importer(815301076,1909f56bfc062723c751e8b465ee728b)  -> (artifact id: 'b710965010871dbf38222fa2264cbe92') in 0.022481 seconds 
  Import took 0.027750 seconds .

========================================================================
Received Import Request.
  Time since last request: 11.929900 seconds.
  path: Assets/Sprites/splash.png
  artifactKey: Guid(9395e3364d76b1d4aa2b6dbb5412b75e) Importer(815301076,1909f56bfc062723c751e8b465ee728b)
Start importing Assets/Sprites/splash.png using Guid(9395e3364d76b1d4aa2b6dbb5412b75e) Importer(815301076,1909f56bfc062723c751e8b465ee728b)  -> (artifact id: 'c5188fb49ae944cfaf523e01e5f06d28') in 0.034561 seconds 
  Import took 0.040286 seconds .

========================================================================
Received Import Request.
  Time since last request: 22.657709 seconds.
  path: Assets/Scenes/SplashScreen.unity
  artifactKey: Guid(56f61564ed70f28429695dec6b4a3507) Importer(815301076,1909f56bfc062723c751e8b465ee728b)
Start importing Assets/Scenes/SplashScreen.unity using Guid(56f61564ed70f28429695dec6b4a3507) Importer(815301076,1909f56bfc062723c751e8b465ee728b)  -> (artifact id: '697548bdccae615c86b766119f4453b0') in 0.007105 seconds 
  Import took 0.012479 seconds .

========================================================================
Received Prepare
Registering precompiled user dll's ...
Registered in 0.002595 seconds.
Begin MonoManager ReloadAssembly
Native extension for WindowsStandalone target not found
Refreshing native plugins compatible for Editor in 0.58 ms, found 2 plugins.
Preloading 0 native plugins for Editor in 0.00 ms.
Mono: successfully reloaded assembly
- Completed reload, in  0.790 seconds
Platform modules already initialized, skipping
Shader 'Universal Render Pipeline/Particles/Lit': fallback shader 'Universal Render Pipeline/Particles/SimpleLit' not found
Shader 'Universal Render Pipeline/Particles/Lit': fallback shader 'Universal Render Pipeline/Particles/SimpleLit' not found
Refreshing native plugins compatible for Editor in 0.44 ms, found 2 plugins.
Preloading 0 native plugins for Editor in 0.00 ms.
Unloading 2804 Unused Serialized files (Serialized files now loaded: 0)
System memory in use before: 130.4 MB.
System memory in use after: 127.7 MB.

Unloading 48 unused Assets to reduce memory usage. Loaded Objects now: 3435.
Total: 3.301100 ms (FindLiveObjects: 0.189600 ms CreateObjectMapping: 0.070400 ms MarkObjects: 1.853300 ms  DeleteObjects: 1.186500 ms)

AssetImportParameters requested are different than current active one (requested -> active):
  custom:framework-win-MediaFoundation: 216162199b28c13a410421893ffa2e32 -> 
  custom:video-decoder-ogg-theora: a1e56fd34408186e4bbccfd4996cb3dc -> 
  custom:container-muxer-webm: aa71ff27fc2769a1b78a27578f13a17b -> 
  custom:container-demuxer-webm: 4f35f7cbe854078d1ac9338744f61a02 -> 
  custom:container-demuxer-ogg: 62fdf1f143b41e24485cea50d1cbac27 -> 
  custom:video-encoder-webm-vp8: eb34c28f22e8b96e1ab97ce403110664 -> 
  custom:video-decoder-webm-vp8: 9c59270c3fd7afecdb556c50c9e8de78 -> 
  custom:audio-decoder-ogg-vorbis: bf7c407c2cedff20999df2af8eb42d56 -> 
  custom:audio-encoder-webm-vorbis: bf7c407c2cedff20999df2af8eb42d56 -> 
========================================================================
Received Import Request.
  Time since last request: 152.299505 seconds.
  path: Assets/SplashRotation.cs
  artifactKey: Guid(9476acefcb4c6ec45886f54a6dac4f48) Importer(815301076,1909f56bfc062723c751e8b465ee728b)
Start importing Assets/SplashRotation.cs using Guid(9476acefcb4c6ec45886f54a6dac4f48) Importer(815301076,1909f56bfc062723c751e8b465ee728b)  -> (artifact id: 'da5814988fbcdb758049e67afafbda5e') in 0.012537 seconds 
  Import took 0.017551 seconds .

========================================================================
Received Prepare
Registering precompiled user dll's ...
Registered in 0.002995 seconds.
Begin MonoManager ReloadAssembly
Native extension for WindowsStandalone target not found
Refreshing native plugins compatible for Editor in 0.41 ms, found 2 plugins.
Preloading 0 native plugins for Editor in 0.00 ms.
Mono: successfully reloaded assembly
- Completed reload, in  0.827 seconds
Platform modules already initialized, skipping
Shader 'Universal Render Pipeline/Particles/Lit': fallback shader 'Universal Render Pipeline/Particles/SimpleLit' not found
Shader 'Universal Render Pipeline/Particles/Lit': fallback shader 'Universal Render Pipeline/Particles/SimpleLit' not found
Refreshing native plugins compatible for Editor in 0.47 ms, found 2 plugins.
Preloading 0 native plugins for Editor in 0.00 ms.
Unloading 2803 Unused Serialized files (Serialized files now loaded: 0)
System memory in use before: 130.4 MB.
System memory in use after: 127.7 MB.

Unloading 49 unused Assets to reduce memory usage. Loaded Objects now: 3437.
Total: 3.274600 ms (FindLiveObjects: 0.201300 ms CreateObjectMapping: 0.063400 ms MarkObjects: 1.734800 ms  DeleteObjects: 1.274000 ms)

AssetImportParameters requested are different than current active one (requested -> active):
  custom:framework-win-MediaFoundation: 216162199b28c13a410421893ffa2e32 -> 
  custom:video-decoder-ogg-theora: a1e56fd34408186e4bbccfd4996cb3dc -> 
  custom:container-muxer-webm: aa71ff27fc2769a1b78a27578f13a17b -> 
  custom:container-demuxer-webm: 4f35f7cbe854078d1ac9338744f61a02 -> 
  custom:container-demuxer-ogg: 62fdf1f143b41e24485cea50d1cbac27 -> 
  custom:video-encoder-webm-vp8: eb34c28f22e8b96e1ab97ce403110664 -> 
  custom:video-decoder-webm-vp8: 9c59270c3fd7afecdb556c50c9e8de78 -> 
  custom:audio-decoder-ogg-vorbis: bf7c407c2cedff20999df2af8eb42d56 -> 
  custom:audio-encoder-webm-vorbis: bf7c407c2cedff20999df2af8eb42d56 -> 
========================================================================
Received Prepare
Registering precompiled user dll's ...
Registered in 0.003883 seconds.
Begin MonoManager ReloadAssembly
Native extension for WindowsStandalone target not found
Refreshing native plugins compatible for Editor in 0.43 ms, found 2 plugins.
Preloading 0 native plugins for Editor in 0.00 ms.
Mono: successfully reloaded assembly
- Completed reload, in  0.810 seconds
Platform modules already initialized, skipping
Shader 'Universal Render Pipeline/Particles/Lit': fallback shader 'Universal Render Pipeline/Particles/SimpleLit' not found
Shader 'Universal Render Pipeline/Particles/Lit': fallback shader 'Universal Render Pipeline/Particles/SimpleLit' not found
Refreshing native plugins compatible for Editor in 0.48 ms, found 2 plugins.
Preloading 0 native plugins for Editor in 0.00 ms.
Unloading 2804 Unused Serialized files (Serialized files now loaded: 0)
System memory in use before: 130.4 MB.
System memory in use after: 127.7 MB.

Unloading 48 unused Assets to reduce memory usage. Loaded Objects now: 3441.
Total: 3.642200 ms (FindLiveObjects: 0.194700 ms CreateObjectMapping: 0.067700 ms MarkObjects: 1.958000 ms  DeleteObjects: 1.420600 ms)

AssetImportParameters requested are different than current active one (requested -> active):
  custom:framework-win-MediaFoundation: 216162199b28c13a410421893ffa2e32 -> 
  custom:video-decoder-ogg-theora: a1e56fd34408186e4bbccfd4996cb3dc -> 
  custom:container-muxer-webm: aa71ff27fc2769a1b78a27578f13a17b -> 
  custom:container-demuxer-webm: 4f35f7cbe854078d1ac9338744f61a02 -> 
  custom:container-demuxer-ogg: 62fdf1f143b41e24485cea50d1cbac27 -> 
  custom:video-encoder-webm-vp8: eb34c28f22e8b96e1ab97ce403110664 -> 
  custom:video-decoder-webm-vp8: 9c59270c3fd7afecdb556c50c9e8de78 -> 
  custom:audio-decoder-ogg-vorbis: bf7c407c2cedff20999df2af8eb42d56 -> 
  custom:audio-encoder-webm-vorbis: bf7c407c2cedff20999df2af8eb42d56 -> 
========================================================================
Received Import Request.
  Time since last request: 14.704315 seconds.
  path: Assets/Splash.cs
  artifactKey: Guid(7d9986e369939d24da455aacba6d7073) Importer(815301076,1909f56bfc062723c751e8b465ee728b)
Start importing Assets/Splash.cs using Guid(7d9986e369939d24da455aacba6d7073) Importer(815301076,1909f56bfc062723c751e8b465ee728b)  -> (artifact id: '5f4351da1951a6c1f94485d07d9b0fcf') in 0.009580 seconds 
  Import took 0.015567 seconds .

========================================================================
Received Import Request.
  Time since last request: 0.004886 seconds.
  path: Assets/Splash.cs
  artifactKey: Guid(7d9986e369939d24da455aacba6d7073) Importer(815301076,1909f56bfc062723c751e8b465ee728b)
Start importing Assets/Splash.cs using Guid(7d9986e369939d24da455aacba6d7073) Importer(815301076,1909f56bfc062723c751e8b465ee728b)  -> (artifact id: '5f4351da1951a6c1f94485d07d9b0fcf') in 0.001853 seconds 
  Import took 0.006499 seconds .

========================================================================
Received Prepare
Registering precompiled user dll's ...
Registered in 0.002549 seconds.
Begin MonoManager ReloadAssembly
Native extension for WindowsStandalone target not found
Refreshing native plugins compatible for Editor in 0.41 ms, found 2 plugins.
Preloading 0 native plugins for Editor in 0.00 ms.
Mono: successfully reloaded assembly
- Completed reload, in  0.819 seconds
Platform modules already initialized, skipping
Shader 'Universal Render Pipeline/Particles/Lit': fallback shader 'Universal Render Pipeline/Particles/SimpleLit' not found
Shader 'Universal Render Pipeline/Particles/Lit': fallback shader 'Universal Render Pipeline/Particles/SimpleLit' not found
Refreshing native plugins compatible for Editor in 0.50 ms, found 2 plugins.
Preloading 0 native plugins for Editor in 0.00 ms.
Unloading 2804 Unused Serialized files (Serialized files now loaded: 0)
System memory in use before: 130.4 MB.
System memory in use after: 127.7 MB.

Unloading 48 unused Assets to reduce memory usage. Loaded Objects now: 3444.
Total: 4.127000 ms (FindLiveObjects: 0.251800 ms CreateObjectMapping: 0.098700 ms MarkObjects: 2.358800 ms  DeleteObjects: 1.416600 ms)

AssetImportParameters requested are different than current active one (requested -> active):
  custom:framework-win-MediaFoundation: 216162199b28c13a410421893ffa2e32 -> 
  custom:video-decoder-ogg-theora: a1e56fd34408186e4bbccfd4996cb3dc -> 
  custom:container-muxer-webm: aa71ff27fc2769a1b78a27578f13a17b -> 
  custom:container-demuxer-webm: 4f35f7cbe854078d1ac9338744f61a02 -> 
  custom:container-demuxer-ogg: 62fdf1f143b41e24485cea50d1cbac27 -> 
  custom:video-encoder-webm-vp8: eb34c28f22e8b96e1ab97ce403110664 -> 
  custom:video-decoder-webm-vp8: 9c59270c3fd7afecdb556c50c9e8de78 -> 
  custom:audio-decoder-ogg-vorbis: bf7c407c2cedff20999df2af8eb42d56 -> 
  custom:audio-encoder-webm-vorbis: bf7c407c2cedff20999df2af8eb42d56 -> 
========================================================================
Received Import Request.
  Time since last request: 136.165939 seconds.
  path: Assets/Splash.cs
  artifactKey: Guid(7d9986e369939d24da455aacba6d7073) Importer(815301076,1909f56bfc062723c751e8b465ee728b)
Start importing Assets/Splash.cs using Guid(7d9986e369939d24da455aacba6d7073) Importer(815301076,1909f56bfc062723c751e8b465ee728b)  -> (artifact id: '30e9d005dd94ebb23626f746d3e9af81') in 0.005446 seconds 
  Import took 0.010390 seconds .

========================================================================
Received Import Request.
  Time since last request: 1.213601 seconds.
  path: Assets/Splash.cs
  artifactKey: Guid(7d9986e369939d24da455aacba6d7073) Importer(815301076,1909f56bfc062723c751e8b465ee728b)
Start importing Assets/Splash.cs using Guid(7d9986e369939d24da455aacba6d7073) Importer(815301076,1909f56bfc062723c751e8b465ee728b)  -> (artifact id: '30e9d005dd94ebb23626f746d3e9af81') in 0.001829 seconds 
  Import took 0.006534 seconds .

========================================================================
Received Prepare
Registering precompiled user dll's ...
Registered in 0.002499 seconds.
Begin MonoManager ReloadAssembly
Native extension for WindowsStandalone target not found
Refreshing native plugins compatible for Editor in 0.41 ms, found 2 plugins.
Preloading 0 native plugins for Editor in 0.00 ms.
Mono: successfully reloaded assembly
- Completed reload, in  0.833 seconds
Platform modules already initialized, skipping
Shader 'Universal Render Pipeline/Particles/Lit': fallback shader 'Universal Render Pipeline/Particles/SimpleLit' not found
Shader 'Universal Render Pipeline/Particles/Lit': fallback shader 'Universal Render Pipeline/Particles/SimpleLit' not found
Refreshing native plugins compatible for Editor in 0.46 ms, found 2 plugins.
Preloading 0 native plugins for Editor in 0.00 ms.
Unloading 2804 Unused Serialized files (Serialized files now loaded: 0)
System memory in use before: 130.4 MB.
System memory in use after: 127.7 MB.

Unloading 48 unused Assets to reduce memory usage. Loaded Objects now: 3447.
Total: 3.226200 ms (FindLiveObjects: 0.210300 ms CreateObjectMapping: 0.075000 ms MarkObjects: 1.710600 ms  DeleteObjects: 1.229200 ms)

AssetImportParameters requested are different than current active one (requested -> active):
  custom:framework-win-MediaFoundation: 216162199b28c13a410421893ffa2e32 -> 
  custom:video-decoder-ogg-theora: a1e56fd34408186e4bbccfd4996cb3dc -> 
  custom:container-muxer-webm: aa71ff27fc2769a1b78a27578f13a17b -> 
  custom:container-demuxer-webm: 4f35f7cbe854078d1ac9338744f61a02 -> 
  custom:container-demuxer-ogg: 62fdf1f143b41e24485cea50d1cbac27 -> 
  custom:video-encoder-webm-vp8: eb34c28f22e8b96e1ab97ce403110664 -> 
  custom:video-decoder-webm-vp8: 9c59270c3fd7afecdb556c50c9e8de78 -> 
  custom:audio-decoder-ogg-vorbis: bf7c407c2cedff20999df2af8eb42d56 -> 
  custom:audio-encoder-webm-vorbis: bf7c407c2cedff20999df2af8eb42d56 -> 
========================================================================
Received Import Request.
  Time since last request: 19.935070 seconds.
  path: Assets/Splash.cs
  artifactKey: Guid(7d9986e369939d24da455aacba6d7073) Importer(815301076,1909f56bfc062723c751e8b465ee728b)
Start importing Assets/Splash.cs using Guid(7d9986e369939d24da455aacba6d7073) Importer(815301076,1909f56bfc062723c751e8b465ee728b)  -> (artifact id: 'd12f874478e81088b7697d8776717fbd') in 0.006113 seconds 
  Import took 0.009790 seconds .

========================================================================
Received Import Request.
  Time since last request: 0.841347 seconds.
  path: Assets/Splash.cs
  artifactKey: Guid(7d9986e369939d24da455aacba6d7073) Importer(815301076,1909f56bfc062723c751e8b465ee728b)
Start importing Assets/Splash.cs using Guid(7d9986e369939d24da455aacba6d7073) Importer(815301076,1909f56bfc062723c751e8b465ee728b)  -> (artifact id: 'd12f874478e81088b7697d8776717fbd') in 0.001760 seconds 
  Import took 0.006386 seconds .

========================================================================
Received Prepare
Registering precompiled user dll's ...
Registered in 0.002585 seconds.
Begin MonoManager ReloadAssembly
Native extension for WindowsStandalone target not found
Refreshing native plugins compatible for Editor in 0.42 ms, found 2 plugins.
Preloading 0 native plugins for Editor in 0.00 ms.
Mono: successfully reloaded assembly
- Completed reload, in  0.784 seconds
Platform modules already initialized, skipping
Shader 'Universal Render Pipeline/Particles/Lit': fallback shader 'Universal Render Pipeline/Particles/SimpleLit' not found
Shader 'Universal Render Pipeline/Particles/Lit': fallback shader 'Universal Render Pipeline/Particles/SimpleLit' not found
Refreshing native plugins compatible for Editor in 0.54 ms, found 2 plugins.
Preloading 0 native plugins for Editor in 0.00 ms.
Unloading 2804 Unused Serialized files (Serialized files now loaded: 0)
System memory in use before: 130.4 MB.
System memory in use after: 127.7 MB.

Unloading 48 unused Assets to reduce memory usage. Loaded Objects now: 3450.
Total: 3.493800 ms (FindLiveObjects: 0.204100 ms CreateObjectMapping: 0.069000 ms MarkObjects: 1.858400 ms  DeleteObjects: 1.360900 ms)

AssetImportParameters requested are different than current active one (requested -> active):
  custom:framework-win-MediaFoundation: 216162199b28c13a410421893ffa2e32 -> 
  custom:video-decoder-ogg-theora: a1e56fd34408186e4bbccfd4996cb3dc -> 
  custom:container-muxer-webm: aa71ff27fc2769a1b78a27578f13a17b -> 
  custom:container-demuxer-webm: 4f35f7cbe854078d1ac9338744f61a02 -> 
  custom:container-demuxer-ogg: 62fdf1f143b41e24485cea50d1cbac27 -> 
  custom:video-encoder-webm-vp8: eb34c28f22e8b96e1ab97ce403110664 -> 
  custom:video-decoder-webm-vp8: 9c59270c3fd7afecdb556c50c9e8de78 -> 
  custom:audio-decoder-ogg-vorbis: bf7c407c2cedff20999df2af8eb42d56 -> 
  custom:audio-encoder-webm-vorbis: bf7c407c2cedff20999df2af8eb42d56 -> 
========================================================================
Received Import Request.
  Time since last request: 14.810510 seconds.
  path: Assets/Splash.cs
  artifactKey: Guid(7d9986e369939d24da455aacba6d7073) Importer(815301076,1909f56bfc062723c751e8b465ee728b)
Start importing Assets/Splash.cs using Guid(7d9986e369939d24da455aacba6d7073) Importer(815301076,1909f56bfc062723c751e8b465ee728b)  -> (artifact id: 'd8edb5d3ba924f75a023e51eb9d5e8a4') in 0.005433 seconds 
  Import took 0.010164 seconds .

========================================================================
Received Import Request.
  Time since last request: 1.404959 seconds.
  path: Assets/Splash.cs
  artifactKey: Guid(7d9986e369939d24da455aacba6d7073) Importer(815301076,1909f56bfc062723c751e8b465ee728b)
Start importing Assets/Splash.cs using Guid(7d9986e369939d24da455aacba6d7073) Importer(815301076,1909f56bfc062723c751e8b465ee728b)  -> (artifact id: 'd8edb5d3ba924f75a023e51eb9d5e8a4') in 0.002169 seconds 
  Import took 0.005775 seconds .

========================================================================
Received Prepare
Registering precompiled user dll's ...
Registered in 0.002713 seconds.
Begin MonoManager ReloadAssembly
Native extension for WindowsStandalone target not found
Refreshing native plugins compatible for Editor in 0.43 ms, found 2 plugins.
Preloading 0 native plugins for Editor in 0.00 ms.
Mono: successfully reloaded assembly
- Completed reload, in  0.798 seconds
Platform modules already initialized, skipping
Shader 'Universal Render Pipeline/Particles/Lit': fallback shader 'Universal Render Pipeline/Particles/SimpleLit' not found
Shader 'Universal Render Pipeline/Particles/Lit': fallback shader 'Universal Render Pipeline/Particles/SimpleLit' not found
Refreshing native plugins compatible for Editor in 0.45 ms, found 2 plugins.
Preloading 0 native plugins for Editor in 0.00 ms.
Unloading 2804 Unused Serialized files (Serialized files now loaded: 0)
System memory in use before: 130.4 MB.
System memory in use after: 127.7 MB.

Unloading 48 unused Assets to reduce memory usage. Loaded Objects now: 3453.
Total: 3.572200 ms (FindLiveObjects: 0.212300 ms CreateObjectMapping: 0.077800 ms MarkObjects: 1.837000 ms  DeleteObjects: 1.444100 ms)

AssetImportParameters requested are different than current active one (requested -> active):
  custom:framework-win-MediaFoundation: 216162199b28c13a410421893ffa2e32 -> 
  custom:video-decoder-ogg-theora: a1e56fd34408186e4bbccfd4996cb3dc -> 
  custom:container-muxer-webm: aa71ff27fc2769a1b78a27578f13a17b -> 
  custom:container-demuxer-webm: 4f35f7cbe854078d1ac9338744f61a02 -> 
  custom:container-demuxer-ogg: 62fdf1f143b41e24485cea50d1cbac27 -> 
  custom:video-encoder-webm-vp8: eb34c28f22e8b96e1ab97ce403110664 -> 
  custom:video-decoder-webm-vp8: 9c59270c3fd7afecdb556c50c9e8de78 -> 
  custom:audio-decoder-ogg-vorbis: bf7c407c2cedff20999df2af8eb42d56 -> 
  custom:audio-encoder-webm-vorbis: bf7c407c2cedff20999df2af8eb42d56 -> 
========================================================================
Received Import Request.
  Time since last request: 12.559815 seconds.
  path: Assets/Splash.cs
  artifactKey: Guid(7d9986e369939d24da455aacba6d7073) Importer(815301076,1909f56bfc062723c751e8b465ee728b)
Start importing Assets/Splash.cs using Guid(7d9986e369939d24da455aacba6d7073) Importer(815301076,1909f56bfc062723c751e8b465ee728b)  -> (artifact id: 'bc25bb0ff00ccce5fa0098c348d5fd1e') in 0.006159 seconds 
  Import took 0.011037 seconds .

========================================================================
Received Import Request.
  Time since last request: 0.979275 seconds.
  path: Assets/Splash.cs
  artifactKey: Guid(7d9986e369939d24da455aacba6d7073) Importer(815301076,1909f56bfc062723c751e8b465ee728b)
Start importing Assets/Splash.cs using Guid(7d9986e369939d24da455aacba6d7073) Importer(815301076,1909f56bfc062723c751e8b465ee728b)  -> (artifact id: 'bc25bb0ff00ccce5fa0098c348d5fd1e') in 0.001787 seconds 
  Import took 0.005533 seconds .

========================================================================
Received Prepare
Registering precompiled user dll's ...
Registered in 0.002760 seconds.
Begin MonoManager ReloadAssembly
Native extension for WindowsStandalone target not found
Refreshing native plugins compatible for Editor in 0.48 ms, found 2 plugins.
Preloading 0 native plugins for Editor in 0.00 ms.
Mono: successfully reloaded assembly
- Completed reload, in  0.779 seconds
Platform modules already initialized, skipping
Shader 'Universal Render Pipeline/Particles/Lit': fallback shader 'Universal Render Pipeline/Particles/SimpleLit' not found
Shader 'Universal Render Pipeline/Particles/Lit': fallback shader 'Universal Render Pipeline/Particles/SimpleLit' not found
Refreshing native plugins compatible for Editor in 0.50 ms, found 2 plugins.
Preloading 0 native plugins for Editor in 0.00 ms.
Unloading 2804 Unused Serialized files (Serialized files now loaded: 0)
System memory in use before: 130.5 MB.
System memory in use after: 127.7 MB.

Unloading 48 unused Assets to reduce memory usage. Loaded Objects now: 3456.
Total: 3.280400 ms (FindLiveObjects: 0.210100 ms CreateObjectMapping: 0.077000 ms MarkObjects: 1.757900 ms  DeleteObjects: 1.233000 ms)

AssetImportParameters requested are different than current active one (requested -> active):
  custom:framework-win-MediaFoundation: 216162199b28c13a410421893ffa2e32 -> 
  custom:video-decoder-ogg-theora: a1e56fd34408186e4bbccfd4996cb3dc -> 
  custom:container-muxer-webm: aa71ff27fc2769a1b78a27578f13a17b -> 
  custom:container-demuxer-webm: 4f35f7cbe854078d1ac9338744f61a02 -> 
  custom:container-demuxer-ogg: 62fdf1f143b41e24485cea50d1cbac27 -> 
  custom:video-encoder-webm-vp8: eb34c28f22e8b96e1ab97ce403110664 -> 
  custom:video-decoder-webm-vp8: 9c59270c3fd7afecdb556c50c9e8de78 -> 
  custom:audio-decoder-ogg-vorbis: bf7c407c2cedff20999df2af8eb42d56 -> 
  custom:audio-encoder-webm-vorbis: bf7c407c2cedff20999df2af8eb42d56 -> 
========================================================================
Received Import Request.
  Time since last request: 22.039685 seconds.
  path: Assets/Materials/PixelationFire 1.mat
  artifactKey: Guid(da48e51e1ae8f9840bd79a73f4eda18d) Importer(815301076,1909f56bfc062723c751e8b465ee728b)
Start importing Assets/Materials/PixelationFire 1.mat using Guid(da48e51e1ae8f9840bd79a73f4eda18d) Importer(815301076,1909f56bfc062723c751e8b465ee728b)  -> (artifact id: '8097c485500c893f414397897a4173bc') in 0.151924 seconds 
  Import took 0.157355 seconds .

========================================================================
Received Import Request.
  Time since last request: 0.000327 seconds.
  path: Assets/Materials/PixelationHelicopter.mat
  artifactKey: Guid(fbf5e64865d71584697fc30135e59a79) Importer(815301076,1909f56bfc062723c751e8b465ee728b)
Start importing Assets/Materials/PixelationHelicopter.mat using Guid(fbf5e64865d71584697fc30135e59a79) Importer(815301076,1909f56bfc062723c751e8b465ee728b)  -> (artifact id: 'a9cdd8f1743adfbfa880039170cf46f1') in 0.014837 seconds 
  Import took 0.019135 seconds .

========================================================================
Received Import Request.
  Time since last request: 44.408824 seconds.
  path: Assets/Scenes/SplashScreen.unity
  artifactKey: Guid(56f61564ed70f28429695dec6b4a3507) Importer(815301076,1909f56bfc062723c751e8b465ee728b)
Start importing Assets/Scenes/SplashScreen.unity using Guid(56f61564ed70f28429695dec6b4a3507) Importer(815301076,1909f56bfc062723c751e8b465ee728b)  -> (artifact id: '97c947f96f6de52d7654cf2ea3dcb492') in 0.002863 seconds 
  Import took 0.008193 seconds .

========================================================================
Received Import Request.
  Time since last request: 0.000687 seconds.
  path: Assets/Scenes/SplashScreen.unity
  artifactKey: Guid(56f61564ed70f28429695dec6b4a3507) Importer(815301076,1909f56bfc062723c751e8b465ee728b)
Start importing Assets/Scenes/SplashScreen.unity using Guid(56f61564ed70f28429695dec6b4a3507) Importer(815301076,1909f56bfc062723c751e8b465ee728b)  -> (artifact id: '97c947f96f6de52d7654cf2ea3dcb492') in 0.002756 seconds 
  Import took 0.008113 seconds .

========================================================================
Received Prepare
Registering precompiled user dll's ...
Registered in 0.002733 seconds.
Begin MonoManager ReloadAssembly
Native extension for WindowsStandalone target not found
Refreshing native plugins compatible for Editor in 0.41 ms, found 2 plugins.
Preloading 0 native plugins for Editor in 0.00 ms.
Mono: successfully reloaded assembly
- Completed reload, in  0.781 seconds
Platform modules already initialized, skipping
Shader 'Universal Render Pipeline/Particles/Lit': fallback shader 'Universal Render Pipeline/Particles/SimpleLit' not found
Shader 'Universal Render Pipeline/Particles/Lit': fallback shader 'Universal Render Pipeline/Particles/SimpleLit' not found
Refreshing native plugins compatible for Editor in 0.45 ms, found 2 plugins.
Preloading 0 native plugins for Editor in 0.00 ms.
Unloading 2804 Unused Serialized files (Serialized files now loaded: 0)
System memory in use before: 130.6 MB.
System memory in use after: 127.9 MB.

Unloading 48 unused Assets to reduce memory usage. Loaded Objects now: 3495.
Total: 3.544500 ms (FindLiveObjects: 0.237600 ms CreateObjectMapping: 0.123100 ms MarkObjects: 1.886900 ms  DeleteObjects: 1.295900 ms)

AssetImportParameters requested are different than current active one (requested -> active):
  custom:framework-win-MediaFoundation: 216162199b28c13a410421893ffa2e32 -> 
  custom:video-decoder-ogg-theora: a1e56fd34408186e4bbccfd4996cb3dc -> 
  custom:container-muxer-webm: aa71ff27fc2769a1b78a27578f13a17b -> 
  custom:container-demuxer-webm: 4f35f7cbe854078d1ac9338744f61a02 -> 
  custom:container-demuxer-ogg: 62fdf1f143b41e24485cea50d1cbac27 -> 
  custom:video-encoder-webm-vp8: eb34c28f22e8b96e1ab97ce403110664 -> 
  custom:video-decoder-webm-vp8: 9c59270c3fd7afecdb556c50c9e8de78 -> 
  custom:audio-decoder-ogg-vorbis: bf7c407c2cedff20999df2af8eb42d56 -> 
  custom:audio-encoder-webm-vorbis: bf7c407c2cedff20999df2af8eb42d56 -> 
========================================================================
Received Prepare
Registering precompiled user dll's ...
Registered in 0.002779 seconds.
Begin MonoManager ReloadAssembly
Native extension for WindowsStandalone target not found
Refreshing native plugins compatible for Editor in 0.44 ms, found 2 plugins.
Preloading 0 native plugins for Editor in 0.00 ms.
Mono: successfully reloaded assembly
- Completed reload, in  0.811 seconds
Platform modules already initialized, skipping
Shader 'Universal Render Pipeline/Particles/Lit': fallback shader 'Universal Render Pipeline/Particles/SimpleLit' not found
Shader 'Universal Render Pipeline/Particles/Lit': fallback shader 'Universal Render Pipeline/Particles/SimpleLit' not found
Refreshing native plugins compatible for Editor in 0.57 ms, found 2 plugins.
Preloading 0 native plugins for Editor in 0.00 ms.
Unloading 2804 Unused Serialized files (Serialized files now loaded: 0)
System memory in use before: 130.5 MB.
System memory in use after: 127.9 MB.

Unloading 48 unused Assets to reduce memory usage. Loaded Objects now: 3498.
Total: 3.634200 ms (FindLiveObjects: 0.196000 ms CreateObjectMapping: 0.069900 ms MarkObjects: 2.039900 ms  DeleteObjects: 1.327400 ms)

AssetImportParameters requested are different than current active one (requested -> active):
  custom:framework-win-MediaFoundation: 216162199b28c13a410421893ffa2e32 -> 
  custom:video-decoder-ogg-theora: a1e56fd34408186e4bbccfd4996cb3dc -> 
  custom:container-muxer-webm: aa71ff27fc2769a1b78a27578f13a17b -> 
  custom:container-demuxer-webm: 4f35f7cbe854078d1ac9338744f61a02 -> 
  custom:container-demuxer-ogg: 62fdf1f143b41e24485cea50d1cbac27 -> 
  custom:video-encoder-webm-vp8: eb34c28f22e8b96e1ab97ce403110664 -> 
  custom:video-decoder-webm-vp8: 9c59270c3fd7afecdb556c50c9e8de78 -> 
  custom:audio-decoder-ogg-vorbis: bf7c407c2cedff20999df2af8eb42d56 -> 
  custom:audio-encoder-webm-vorbis: bf7c407c2cedff20999df2af8eb42d56 -> 
========================================================================
Received Prepare
Registering precompiled user dll's ...
Registered in 0.002912 seconds.
Begin MonoManager ReloadAssembly
Native extension for WindowsStandalone target not found
Refreshing native plugins compatible for Editor in 0.44 ms, found 2 plugins.
Preloading 0 native plugins for Editor in 0.00 ms.
Mono: successfully reloaded assembly
- Completed reload, in  0.814 seconds
Platform modules already initialized, skipping
Shader 'Universal Render Pipeline/Particles/Lit': fallback shader 'Universal Render Pipeline/Particles/SimpleLit' not found
Shader 'Universal Render Pipeline/Particles/Lit': fallback shader 'Universal Render Pipeline/Particles/SimpleLit' not found
Refreshing native plugins compatible for Editor in 0.47 ms, found 2 plugins.
Preloading 0 native plugins for Editor in 0.00 ms.
Unloading 2804 Unused Serialized files (Serialized files now loaded: 0)
System memory in use before: 130.6 MB.
System memory in use after: 127.9 MB.

Unloading 48 unused Assets to reduce memory usage. Loaded Objects now: 3501.
Total: 3.586200 ms (FindLiveObjects: 0.211000 ms CreateObjectMapping: 0.066200 ms MarkObjects: 2.025800 ms  DeleteObjects: 1.282300 ms)

AssetImportParameters requested are different than current active one (requested -> active):
  custom:framework-win-MediaFoundation: 216162199b28c13a410421893ffa2e32 -> 
  custom:video-decoder-ogg-theora: a1e56fd34408186e4bbccfd4996cb3dc -> 
  custom:container-muxer-webm: aa71ff27fc2769a1b78a27578f13a17b -> 
  custom:container-demuxer-webm: 4f35f7cbe854078d1ac9338744f61a02 -> 
  custom:container-demuxer-ogg: 62fdf1f143b41e24485cea50d1cbac27 -> 
  custom:video-encoder-webm-vp8: eb34c28f22e8b96e1ab97ce403110664 -> 
  custom:video-decoder-webm-vp8: 9c59270c3fd7afecdb556c50c9e8de78 -> 
  custom:audio-decoder-ogg-vorbis: bf7c407c2cedff20999df2af8eb42d56 -> 
  custom:audio-encoder-webm-vorbis: bf7c407c2cedff20999df2af8eb42d56 -> 
========================================================================
Received Prepare
Registering precompiled user dll's ...
Registered in 0.002673 seconds.
Begin MonoManager ReloadAssembly
Native extension for WindowsStandalone target not found
Refreshing native plugins compatible for Editor in 0.45 ms, found 2 plugins.
Preloading 0 native plugins for Editor in 0.00 ms.
Mono: successfully reloaded assembly
- Completed reload, in  0.797 seconds
Platform modules already initialized, skipping
Shader 'Universal Render Pipeline/Particles/Lit': fallback shader 'Universal Render Pipeline/Particles/SimpleLit' not found
Shader 'Universal Render Pipeline/Particles/Lit': fallback shader 'Universal Render Pipeline/Particles/SimpleLit' not found
Refreshing native plugins compatible for Editor in 0.50 ms, found 2 plugins.
Preloading 0 native plugins for Editor in 0.00 ms.
Unloading 2804 Unused Serialized files (Serialized files now loaded: 0)
System memory in use before: 130.6 MB.
System memory in use after: 127.9 MB.

Unloading 48 unused Assets to reduce memory usage. Loaded Objects now: 3504.
Total: 3.588600 ms (FindLiveObjects: 0.239800 ms CreateObjectMapping: 0.085300 ms MarkObjects: 1.883200 ms  DeleteObjects: 1.379000 ms)

AssetImportParameters requested are different than current active one (requested -> active):
  custom:framework-win-MediaFoundation: 216162199b28c13a410421893ffa2e32 -> 
  custom:video-decoder-ogg-theora: a1e56fd34408186e4bbccfd4996cb3dc -> 
  custom:container-muxer-webm: aa71ff27fc2769a1b78a27578f13a17b -> 
  custom:container-demuxer-webm: 4f35f7cbe854078d1ac9338744f61a02 -> 
  custom:container-demuxer-ogg: 62fdf1f143b41e24485cea50d1cbac27 -> 
  custom:video-encoder-webm-vp8: eb34c28f22e8b96e1ab97ce403110664 -> 
  custom:video-decoder-webm-vp8: 9c59270c3fd7afecdb556c50c9e8de78 -> 
  custom:audio-decoder-ogg-vorbis: bf7c407c2cedff20999df2af8eb42d56 -> 
  custom:audio-encoder-webm-vorbis: bf7c407c2cedff20999df2af8eb42d56 -> 
========================================================================
Received Prepare
Registering precompiled user dll's ...
Registered in 0.002704 seconds.
Begin MonoManager ReloadAssembly
Native extension for WindowsStandalone target not found
Refreshing native plugins compatible for Editor in 0.43 ms, found 2 plugins.
Preloading 0 native plugins for Editor in 0.00 ms.
Mono: successfully reloaded assembly
- Completed reload, in  0.816 seconds
Platform modules already initialized, skipping
Shader 'Universal Render Pipeline/Particles/Lit': fallback shader 'Universal Render Pipeline/Particles/SimpleLit' not found
Shader 'Universal Render Pipeline/Particles/Lit': fallback shader 'Universal Render Pipeline/Particles/SimpleLit' not found
Refreshing native plugins compatible for Editor in 0.61 ms, found 2 plugins.
Preloading 0 native plugins for Editor in 0.00 ms.
Unloading 2804 Unused Serialized files (Serialized files now loaded: 0)
System memory in use before: 130.6 MB.
System memory in use after: 127.9 MB.

Unloading 48 unused Assets to reduce memory usage. Loaded Objects now: 3507.
Total: 3.518800 ms (FindLiveObjects: 0.207300 ms CreateObjectMapping: 0.070000 ms MarkObjects: 1.992500 ms  DeleteObjects: 1.248100 ms)

AssetImportParameters requested are different than current active one (requested -> active):
  custom:framework-win-MediaFoundation: 216162199b28c13a410421893ffa2e32 -> 
  custom:video-decoder-ogg-theora: a1e56fd34408186e4bbccfd4996cb3dc -> 
  custom:container-muxer-webm: aa71ff27fc2769a1b78a27578f13a17b -> 
  custom:container-demuxer-webm: 4f35f7cbe854078d1ac9338744f61a02 -> 
  custom:container-demuxer-ogg: 62fdf1f143b41e24485cea50d1cbac27 -> 
  custom:video-encoder-webm-vp8: eb34c28f22e8b96e1ab97ce403110664 -> 
  custom:video-decoder-webm-vp8: 9c59270c3fd7afecdb556c50c9e8de78 -> 
  custom:audio-decoder-ogg-vorbis: bf7c407c2cedff20999df2af8eb42d56 -> 
  custom:audio-encoder-webm-vorbis: bf7c407c2cedff20999df2af8eb42d56 -> 
========================================================================
Received Prepare
Registering precompiled user dll's ...
Registered in 0.002737 seconds.
Begin MonoManager ReloadAssembly
Native extension for WindowsStandalone target not found
Refreshing native plugins compatible for Editor in 0.45 ms, found 2 plugins.
Preloading 0 native plugins for Editor in 0.00 ms.
Mono: successfully reloaded assembly
- Completed reload, in  0.798 seconds
Platform modules already initialized, skipping
Shader 'Universal Render Pipeline/Particles/Lit': fallback shader 'Universal Render Pipeline/Particles/SimpleLit' not found
Shader 'Universal Render Pipeline/Particles/Lit': fallback shader 'Universal Render Pipeline/Particles/SimpleLit' not found
Refreshing native plugins compatible for Editor in 0.54 ms, found 2 plugins.
Preloading 0 native plugins for Editor in 0.00 ms.
Unloading 2804 Unused Serialized files (Serialized files now loaded: 0)
System memory in use before: 130.5 MB.
System memory in use after: 127.9 MB.

Unloading 48 unused Assets to reduce memory usage. Loaded Objects now: 3510.
Total: 3.330500 ms (FindLiveObjects: 0.208200 ms CreateObjectMapping: 0.076200 ms MarkObjects: 1.738900 ms  DeleteObjects: 1.306100 ms)

AssetImportParameters requested are different than current active one (requested -> active):
  custom:framework-win-MediaFoundation: 216162199b28c13a410421893ffa2e32 -> 
  custom:video-decoder-ogg-theora: a1e56fd34408186e4bbccfd4996cb3dc -> 
  custom:container-muxer-webm: aa71ff27fc2769a1b78a27578f13a17b -> 
  custom:container-demuxer-webm: 4f35f7cbe854078d1ac9338744f61a02 -> 
  custom:container-demuxer-ogg: 62fdf1f143b41e24485cea50d1cbac27 -> 
  custom:video-encoder-webm-vp8: eb34c28f22e8b96e1ab97ce403110664 -> 
  custom:video-decoder-webm-vp8: 9c59270c3fd7afecdb556c50c9e8de78 -> 
  custom:audio-decoder-ogg-vorbis: bf7c407c2cedff20999df2af8eb42d56 -> 
  custom:audio-encoder-webm-vorbis: bf7c407c2cedff20999df2af8eb42d56 -> 
========================================================================
Received Prepare
Registering precompiled user dll's ...
Registered in 0.002850 seconds.
Begin MonoManager ReloadAssembly
Native extension for WindowsStandalone target not found
Refreshing native plugins compatible for Editor in 0.48 ms, found 2 plugins.
Preloading 0 native plugins for Editor in 0.00 ms.
Mono: successfully reloaded assembly
- Completed reload, in  0.807 seconds
Platform modules already initialized, skipping
Shader 'Universal Render Pipeline/Particles/Lit': fallback shader 'Universal Render Pipeline/Particles/SimpleLit' not found
Shader 'Universal Render Pipeline/Particles/Lit': fallback shader 'Universal Render Pipeline/Particles/SimpleLit' not found
Refreshing native plugins compatible for Editor in 0.45 ms, found 2 plugins.
Preloading 0 native plugins for Editor in 0.00 ms.
Unloading 2804 Unused Serialized files (Serialized files now loaded: 0)
System memory in use before: 130.6 MB.
System memory in use after: 127.9 MB.

Unloading 48 unused Assets to reduce memory usage. Loaded Objects now: 3513.
Total: 3.283800 ms (FindLiveObjects: 0.215900 ms CreateObjectMapping: 0.067700 ms MarkObjects: 1.766700 ms  DeleteObjects: 1.232400 ms)

AssetImportParameters requested are different than current active one (requested -> active):
  custom:framework-win-MediaFoundation: 216162199b28c13a410421893ffa2e32 -> 
  custom:video-decoder-ogg-theora: a1e56fd34408186e4bbccfd4996cb3dc -> 
  custom:container-muxer-webm: aa71ff27fc2769a1b78a27578f13a17b -> 
  custom:container-demuxer-webm: 4f35f7cbe854078d1ac9338744f61a02 -> 
  custom:container-demuxer-ogg: 62fdf1f143b41e24485cea50d1cbac27 -> 
  custom:video-encoder-webm-vp8: eb34c28f22e8b96e1ab97ce403110664 -> 
  custom:video-decoder-webm-vp8: 9c59270c3fd7afecdb556c50c9e8de78 -> 
  custom:audio-decoder-ogg-vorbis: bf7c407c2cedff20999df2af8eb42d56 -> 
  custom:audio-encoder-webm-vorbis: bf7c407c2cedff20999df2af8eb42d56 -> 
========================================================================
Received Prepare
Registering precompiled user dll's ...
Registered in 0.002476 seconds.
Begin MonoManager ReloadAssembly
Native extension for WindowsStandalone target not found
Refreshing native plugins compatible for Editor in 0.43 ms, found 2 plugins.
Preloading 0 native plugins for Editor in 0.00 ms.
Mono: successfully reloaded assembly
- Completed reload, in  0.850 seconds
Platform modules already initialized, skipping
Shader 'Universal Render Pipeline/Particles/Lit': fallback shader 'Universal Render Pipeline/Particles/SimpleLit' not found
Shader 'Universal Render Pipeline/Particles/Lit': fallback shader 'Universal Render Pipeline/Particles/SimpleLit' not found
Refreshing native plugins compatible for Editor in 0.46 ms, found 2 plugins.
Preloading 0 native plugins for Editor in 0.00 ms.
Unloading 2804 Unused Serialized files (Serialized files now loaded: 0)
System memory in use before: 130.6 MB.
System memory in use after: 127.9 MB.

Unloading 48 unused Assets to reduce memory usage. Loaded Objects now: 3516.
Total: 3.984200 ms (FindLiveObjects: 0.220900 ms CreateObjectMapping: 0.083000 ms MarkObjects: 1.848500 ms  DeleteObjects: 1.830700 ms)

AssetImportParameters requested are different than current active one (requested -> active):
  custom:framework-win-MediaFoundation: 216162199b28c13a410421893ffa2e32 -> 
  custom:video-decoder-ogg-theora: a1e56fd34408186e4bbccfd4996cb3dc -> 
  custom:container-muxer-webm: aa71ff27fc2769a1b78a27578f13a17b -> 
  custom:container-demuxer-webm: 4f35f7cbe854078d1ac9338744f61a02 -> 
  custom:container-demuxer-ogg: 62fdf1f143b41e24485cea50d1cbac27 -> 
  custom:video-encoder-webm-vp8: eb34c28f22e8b96e1ab97ce403110664 -> 
  custom:video-decoder-webm-vp8: 9c59270c3fd7afecdb556c50c9e8de78 -> 
  custom:audio-decoder-ogg-vorbis: bf7c407c2cedff20999df2af8eb42d56 -> 
  custom:audio-encoder-webm-vorbis: bf7c407c2cedff20999df2af8eb42d56 -> 
========================================================================
Received Prepare
Registering precompiled user dll's ...
Registered in 0.002682 seconds.
Begin MonoManager ReloadAssembly
Native extension for WindowsStandalone target not found
Refreshing native plugins compatible for Editor in 0.41 ms, found 2 plugins.
Preloading 0 native plugins for Editor in 0.00 ms.
Mono: successfully reloaded assembly
- Completed reload, in  0.848 seconds
Platform modules already initialized, skipping
Shader 'Universal Render Pipeline/Particles/Lit': fallback shader 'Universal Render Pipeline/Particles/SimpleLit' not found
Shader 'Universal Render Pipeline/Particles/Lit': fallback shader 'Universal Render Pipeline/Particles/SimpleLit' not found
Refreshing native plugins compatible for Editor in 0.45 ms, found 2 plugins.
Preloading 0 native plugins for Editor in 0.00 ms.
Unloading 2804 Unused Serialized files (Serialized files now loaded: 0)
System memory in use before: 130.6 MB.
System memory in use after: 127.9 MB.

Unloading 48 unused Assets to reduce memory usage. Loaded Objects now: 3519.
Total: 3.625900 ms (FindLiveObjects: 0.201400 ms CreateObjectMapping: 0.073500 ms MarkObjects: 2.035100 ms  DeleteObjects: 1.314500 ms)

AssetImportParameters requested are different than current active one (requested -> active):
  custom:framework-win-MediaFoundation: 216162199b28c13a410421893ffa2e32 -> 
  custom:video-decoder-ogg-theora: a1e56fd34408186e4bbccfd4996cb3dc -> 
  custom:container-muxer-webm: aa71ff27fc2769a1b78a27578f13a17b -> 
  custom:container-demuxer-webm: 4f35f7cbe854078d1ac9338744f61a02 -> 
  custom:container-demuxer-ogg: 62fdf1f143b41e24485cea50d1cbac27 -> 
  custom:video-encoder-webm-vp8: eb34c28f22e8b96e1ab97ce403110664 -> 
  custom:video-decoder-webm-vp8: 9c59270c3fd7afecdb556c50c9e8de78 -> 
  custom:audio-decoder-ogg-vorbis: bf7c407c2cedff20999df2af8eb42d56 -> 
  custom:audio-encoder-webm-vorbis: bf7c407c2cedff20999df2af8eb42d56 -> 
========================================================================
Received Import Request.
  Time since last request: 976.003075 seconds.
  path: Assets/go_retro/Go Retro.otf
  artifactKey: Guid(814e1a7c1ef75d74dbcfade5c39d382b) Importer(815301076,1909f56bfc062723c751e8b465ee728b)
Start importing Assets/go_retro/Go Retro.otf using Guid(814e1a7c1ef75d74dbcfade5c39d382b) Importer(815301076,1909f56bfc062723c751e8b465ee728b)  -> (artifact id: '4143715fd8eedb991eec1729a131d121') in 0.166687 seconds 
  Import took 0.171646 seconds .

========================================================================
Received Import Request.
  Time since last request: 1.393491 seconds.
  path: Assets/go_retro/dafont.txt
  artifactKey: Guid(6bfdf5eb4322abe48abf56cb1d9637bb) Importer(815301076,1909f56bfc062723c751e8b465ee728b)
Start importing Assets/go_retro/dafont.txt using Guid(6bfdf5eb4322abe48abf56cb1d9637bb) Importer(815301076,1909f56bfc062723c751e8b465ee728b)  -> (artifact id: 'a8dfbbfd92ddb5d51fd76dc159550f8e') in 0.006790 seconds 
  Import took 0.011411 seconds .

========================================================================
Received Import Request.
  Time since last request: 170.462007 seconds.
  path: Assets/Scenes/Main.unity
  artifactKey: Guid(de669e0bee8b98240994cca64d88fb61) Importer(815301076,1909f56bfc062723c751e8b465ee728b)
Start importing Assets/Scenes/Main.unity using Guid(de669e0bee8b98240994cca64d88fb61) Importer(815301076,1909f56bfc062723c751e8b465ee728b)  -> (artifact id: '405f5496765fbbe8b5d89c9e44d4cd91') in 0.003118 seconds 
  Import took 0.008541 seconds .

========================================================================
Received Import Request.
  Time since last request: 0.410939 seconds.
  path: Assets/Scenes/SplashScreen.unity
  artifactKey: Guid(56f61564ed70f28429695dec6b4a3507) Importer(815301076,1909f56bfc062723c751e8b465ee728b)
Start importing Assets/Scenes/SplashScreen.unity using Guid(56f61564ed70f28429695dec6b4a3507) Importer(815301076,1909f56bfc062723c751e8b465ee728b)  -> (artifact id: 'f84e2ec489dd894853af7cf33b7e2c3a') in 0.002747 seconds 
  Import took 0.009223 seconds .

========================================================================
Received Prepare
Registering precompiled user dll's ...
Registered in 0.002768 seconds.
Begin MonoManager ReloadAssembly
Native extension for WindowsStandalone target not found
Refreshing native plugins compatible for Editor in 0.51 ms, found 2 plugins.
Preloading 0 native plugins for Editor in 0.00 ms.
Mono: successfully reloaded assembly
- Completed reload, in  0.822 seconds
Platform modules already initialized, skipping
Shader 'Universal Render Pipeline/Particles/Lit': fallback shader 'Universal Render Pipeline/Particles/SimpleLit' not found
Shader 'Universal Render Pipeline/Particles/Lit': fallback shader 'Universal Render Pipeline/Particles/SimpleLit' not found
Refreshing native plugins compatible for Editor in 0.52 ms, found 2 plugins.
Preloading 0 native plugins for Editor in 0.00 ms.
Unloading 2804 Unused Serialized files (Serialized files now loaded: 0)
System memory in use before: 130.9 MB.
System memory in use after: 128.2 MB.

Unloading 48 unused Assets to reduce memory usage. Loaded Objects now: 3562.
Total: 3.591200 ms (FindLiveObjects: 0.207200 ms CreateObjectMapping: 0.130100 ms MarkObjects: 1.967700 ms  DeleteObjects: 1.284400 ms)

AssetImportParameters requested are different than current active one (requested -> active):
  custom:framework-win-MediaFoundation: 216162199b28c13a410421893ffa2e32 -> 
  custom:video-decoder-ogg-theora: a1e56fd34408186e4bbccfd4996cb3dc -> 
  custom:container-muxer-webm: aa71ff27fc2769a1b78a27578f13a17b -> 
  custom:container-demuxer-webm: 4f35f7cbe854078d1ac9338744f61a02 -> 
  custom:container-demuxer-ogg: 62fdf1f143b41e24485cea50d1cbac27 -> 
  custom:video-encoder-webm-vp8: eb34c28f22e8b96e1ab97ce403110664 -> 
  custom:video-decoder-webm-vp8: 9c59270c3fd7afecdb556c50c9e8de78 -> 
  custom:audio-decoder-ogg-vorbis: bf7c407c2cedff20999df2af8eb42d56 -> 
  custom:audio-encoder-webm-vorbis: bf7c407c2cedff20999df2af8eb42d56 -> 
========================================================================
Received Import Request.
  Time since last request: 51.233269 seconds.
  path: Assets/Scenes/MainMenu.unity
  artifactKey: Guid(1bae30a494963ec4aa6b013de9d53aae) Importer(815301076,1909f56bfc062723c751e8b465ee728b)
Start importing Assets/Scenes/MainMenu.unity using Guid(1bae30a494963ec4aa6b013de9d53aae) Importer(815301076,1909f56bfc062723c751e8b465ee728b)  -> (artifact id: '813a9f348b9518c25473e12be8d144f5') in 0.018343 seconds 
  Import took 0.022822 seconds .

========================================================================
Received Import Request.
  Time since last request: 14.513448 seconds.
  path: Assets/Scenes/RestartMenu.unity
  artifactKey: Guid(1bae30a494963ec4aa6b013de9d53aae) Importer(815301076,1909f56bfc062723c751e8b465ee728b)
Start importing Assets/Scenes/RestartMenu.unity using Guid(1bae30a494963ec4aa6b013de9d53aae) Importer(815301076,1909f56bfc062723c751e8b465ee728b)  -> (artifact id: '3db735ad81679ef96a5a7f7bbcb3d4e9') in 0.007173 seconds 
  Import took 0.011808 seconds .

========================================================================
Received Import Request.
  Time since last request: 1.829567 seconds.
  path: Assets/Scenes/RestartMenu 1.unity
  artifactKey: Guid(3b9c0b11f71d277439e6e0b775eec79f) Importer(815301076,1909f56bfc062723c751e8b465ee728b)
Start importing Assets/Scenes/RestartMenu 1.unity using Guid(3b9c0b11f71d277439e6e0b775eec79f) Importer(815301076,1909f56bfc062723c751e8b465ee728b)  -> (artifact id: '74f39a03e23844020303619b9abda00c') in 0.009302 seconds 
  Import took 0.015313 seconds .

========================================================================
Received Import Request.
  Time since last request: 11.013101 seconds.
  path: Assets/Scenes/MainMenu.unity
  artifactKey: Guid(3b9c0b11f71d277439e6e0b775eec79f) Importer(815301076,1909f56bfc062723c751e8b465ee728b)
Start importing Assets/Scenes/MainMenu.unity using Guid(3b9c0b11f71d277439e6e0b775eec79f) Importer(815301076,1909f56bfc062723c751e8b465ee728b)  -> (artifact id: '6cc1c1bcc4342bd7799aff5a5b876f8a') in 0.002882 seconds 
  Import took 0.007336 seconds .

========================================================================
Received Prepare
Registering precompiled user dll's ...
Registered in 0.002797 seconds.
Begin MonoManager ReloadAssembly
Native extension for WindowsStandalone target not found
Refreshing native plugins compatible for Editor in 0.41 ms, found 2 plugins.
Preloading 0 native plugins for Editor in 0.00 ms.
Mono: successfully reloaded assembly
- Completed reload, in  0.802 seconds
Platform modules already initialized, skipping
Shader 'Universal Render Pipeline/Particles/Lit': fallback shader 'Universal Render Pipeline/Particles/SimpleLit' not found
Shader 'Universal Render Pipeline/Particles/Lit': fallback shader 'Universal Render Pipeline/Particles/SimpleLit' not found
Refreshing native plugins compatible for Editor in 0.50 ms, found 2 plugins.
Preloading 0 native plugins for Editor in 0.00 ms.
Unloading 2804 Unused Serialized files (Serialized files now loaded: 0)
System memory in use before: 130.9 MB.
System memory in use after: 128.2 MB.

Unloading 48 unused Assets to reduce memory usage. Loaded Objects now: 3565.
Total: 3.633400 ms (FindLiveObjects: 0.244600 ms CreateObjectMapping: 0.078900 ms MarkObjects: 2.039300 ms  DeleteObjects: 1.267600 ms)

AssetImportParameters requested are different than current active one (requested -> active):
  custom:framework-win-MediaFoundation: 216162199b28c13a410421893ffa2e32 -> 
  custom:video-decoder-ogg-theora: a1e56fd34408186e4bbccfd4996cb3dc -> 
  custom:container-muxer-webm: aa71ff27fc2769a1b78a27578f13a17b -> 
  custom:container-demuxer-webm: 4f35f7cbe854078d1ac9338744f61a02 -> 
  custom:container-demuxer-ogg: 62fdf1f143b41e24485cea50d1cbac27 -> 
  custom:video-encoder-webm-vp8: eb34c28f22e8b96e1ab97ce403110664 -> 
  custom:video-decoder-webm-vp8: 9c59270c3fd7afecdb556c50c9e8de78 -> 
  custom:audio-decoder-ogg-vorbis: bf7c407c2cedff20999df2af8eb42d56 -> 
  custom:audio-encoder-webm-vorbis: bf7c407c2cedff20999df2af8eb42d56 -> 
========================================================================
Received Prepare
Registering precompiled user dll's ...
Registered in 0.003058 seconds.
Begin MonoManager ReloadAssembly
Native extension for WindowsStandalone target not found
Refreshing native plugins compatible for Editor in 0.46 ms, found 2 plugins.
Preloading 0 native plugins for Editor in 0.00 ms.
Mono: successfully reloaded assembly
- Completed reload, in  0.780 seconds
Platform modules already initialized, skipping
Shader 'Universal Render Pipeline/Particles/Lit': fallback shader 'Universal Render Pipeline/Particles/SimpleLit' not found
Shader 'Universal Render Pipeline/Particles/Lit': fallback shader 'Universal Render Pipeline/Particles/SimpleLit' not found
Refreshing native plugins compatible for Editor in 0.51 ms, found 2 plugins.
Preloading 0 native plugins for Editor in 0.00 ms.
Unloading 2804 Unused Serialized files (Serialized files now loaded: 0)
System memory in use before: 130.9 MB.
System memory in use after: 128.2 MB.

Unloading 48 unused Assets to reduce memory usage. Loaded Objects now: 3568.
Total: 3.330600 ms (FindLiveObjects: 0.203800 ms CreateObjectMapping: 0.063700 ms MarkObjects: 1.824000 ms  DeleteObjects: 1.238400 ms)

AssetImportParameters requested are different than current active one (requested -> active):
  custom:framework-win-MediaFoundation: 216162199b28c13a410421893ffa2e32 -> 
  custom:video-decoder-ogg-theora: a1e56fd34408186e4bbccfd4996cb3dc -> 
  custom:container-muxer-webm: aa71ff27fc2769a1b78a27578f13a17b -> 
  custom:container-demuxer-webm: 4f35f7cbe854078d1ac9338744f61a02 -> 
  custom:container-demuxer-ogg: 62fdf1f143b41e24485cea50d1cbac27 -> 
  custom:video-encoder-webm-vp8: eb34c28f22e8b96e1ab97ce403110664 -> 
  custom:video-decoder-webm-vp8: 9c59270c3fd7afecdb556c50c9e8de78 -> 
  custom:audio-decoder-ogg-vorbis: bf7c407c2cedff20999df2af8eb42d56 -> 
  custom:audio-encoder-webm-vorbis: bf7c407c2cedff20999df2af8eb42d56 -> 
========================================================================
Received Import Request.
  Time since last request: 963.623337 seconds.
  path: Assets/1483091876105.jpg
  artifactKey: Guid(d3da5c289a8177c48b03988f2d9870b9) Importer(815301076,1909f56bfc062723c751e8b465ee728b)
Start importing Assets/1483091876105.jpg using Guid(d3da5c289a8177c48b03988f2d9870b9) Importer(815301076,1909f56bfc062723c751e8b465ee728b)  -> (artifact id: '243034d215b630e0559d7455bc482e5e') in 0.040106 seconds 
  Import took 0.046598 seconds .

========================================================================
Received Import Request.
  Time since last request: 12.318543 seconds.
  path: Assets/machineguy.png
  artifactKey: Guid(25321003cf33b51488f2490f8d7a1bbd) Importer(815301076,1909f56bfc062723c751e8b465ee728b)
Start importing Assets/machineguy.png using Guid(25321003cf33b51488f2490f8d7a1bbd) Importer(815301076,1909f56bfc062723c751e8b465ee728b)  -> (artifact id: '61168336cd697602520c3d826294b3d1') in 0.028636 seconds 
  Import took 0.032912 seconds .

========================================================================
Received Import Request.
  Time since last request: 5.546206 seconds.
  path: Assets/machineguy.png
  artifactKey: Guid(25321003cf33b51488f2490f8d7a1bbd) Importer(815301076,1909f56bfc062723c751e8b465ee728b)
Start importing Assets/machineguy.png using Guid(25321003cf33b51488f2490f8d7a1bbd) Importer(815301076,1909f56bfc062723c751e8b465ee728b)  -> (artifact id: '747654c260fcc481301ed2aa884497aa') in 0.039458 seconds 
  Import took 0.044696 seconds .

========================================================================
Received Prepare
Registering precompiled user dll's ...
Registered in 0.003881 seconds.
Begin MonoManager ReloadAssembly
Native extension for WindowsStandalone target not found
Refreshing native plugins compatible for Editor in 0.43 ms, found 2 plugins.
Preloading 0 native plugins for Editor in 0.00 ms.
Mono: successfully reloaded assembly
- Completed reload, in  0.845 seconds
Platform modules already initialized, skipping
Shader 'Universal Render Pipeline/Particles/Lit': fallback shader 'Universal Render Pipeline/Particles/SimpleLit' not found
Shader 'Universal Render Pipeline/Particles/Lit': fallback shader 'Universal Render Pipeline/Particles/SimpleLit' not found
Refreshing native plugins compatible for Editor in 0.44 ms, found 2 plugins.
Preloading 0 native plugins for Editor in 0.00 ms.
Unloading 2804 Unused Serialized files (Serialized files now loaded: 0)
System memory in use before: 131.0 MB.
System memory in use after: 128.2 MB.

Unloading 48 unused Assets to reduce memory usage. Loaded Objects now: 3573.
Total: 3.668000 ms (FindLiveObjects: 0.221300 ms CreateObjectMapping: 0.078400 ms MarkObjects: 1.923100 ms  DeleteObjects: 1.444000 ms)

AssetImportParameters requested are different than current active one (requested -> active):
  custom:framework-win-MediaFoundation: 216162199b28c13a410421893ffa2e32 -> 
  custom:video-decoder-ogg-theora: a1e56fd34408186e4bbccfd4996cb3dc -> 
  custom:container-muxer-webm: aa71ff27fc2769a1b78a27578f13a17b -> 
  custom:container-demuxer-webm: 4f35f7cbe854078d1ac9338744f61a02 -> 
  custom:container-demuxer-ogg: 62fdf1f143b41e24485cea50d1cbac27 -> 
  custom:video-encoder-webm-vp8: eb34c28f22e8b96e1ab97ce403110664 -> 
  custom:video-decoder-webm-vp8: 9c59270c3fd7afecdb556c50c9e8de78 -> 
  custom:audio-decoder-ogg-vorbis: bf7c407c2cedff20999df2af8eb42d56 -> 
  custom:audio-encoder-webm-vorbis: bf7c407c2cedff20999df2af8eb42d56 -> 
========================================================================
Received Prepare
Registering precompiled user dll's ...
Registered in 0.002768 seconds.
Begin MonoManager ReloadAssembly
Native extension for WindowsStandalone target not found
Refreshing native plugins compatible for Editor in 0.55 ms, found 2 plugins.
Preloading 0 native plugins for Editor in 0.00 ms.
Mono: successfully reloaded assembly
- Completed reload, in  0.825 seconds
Platform modules already initialized, skipping
Shader 'Universal Render Pipeline/Particles/Lit': fallback shader 'Universal Render Pipeline/Particles/SimpleLit' not found
Shader 'Universal Render Pipeline/Particles/Lit': fallback shader 'Universal Render Pipeline/Particles/SimpleLit' not found
Refreshing native plugins compatible for Editor in 0.47 ms, found 2 plugins.
Preloading 0 native plugins for Editor in 0.00 ms.
Unloading 2804 Unused Serialized files (Serialized files now loaded: 0)
System memory in use before: 130.9 MB.
System memory in use after: 128.2 MB.

Unloading 48 unused Assets to reduce memory usage. Loaded Objects now: 3576.
Total: 5.139500 ms (FindLiveObjects: 0.268000 ms CreateObjectMapping: 0.093300 ms MarkObjects: 2.926800 ms  DeleteObjects: 1.849800 ms)

AssetImportParameters requested are different than current active one (requested -> active):
  custom:framework-win-MediaFoundation: 216162199b28c13a410421893ffa2e32 -> 
  custom:video-decoder-ogg-theora: a1e56fd34408186e4bbccfd4996cb3dc -> 
  custom:container-muxer-webm: aa71ff27fc2769a1b78a27578f13a17b -> 
  custom:container-demuxer-webm: 4f35f7cbe854078d1ac9338744f61a02 -> 
  custom:container-demuxer-ogg: 62fdf1f143b41e24485cea50d1cbac27 -> 
  custom:video-encoder-webm-vp8: eb34c28f22e8b96e1ab97ce403110664 -> 
  custom:video-decoder-webm-vp8: 9c59270c3fd7afecdb556c50c9e8de78 -> 
  custom:audio-decoder-ogg-vorbis: bf7c407c2cedff20999df2af8eb42d56 -> 
  custom:audio-encoder-webm-vorbis: bf7c407c2cedff20999df2af8eb42d56 -> 
AssetImportWorkerClient::OnTransportError - code=2 error=End of file
